The system is: Linux - 2.6.32-5-amd64 - x86_64
Compiling the Fortran compiler identification source file "CMakeFortranCompilerId.F" succeeded.
Compiler: /usr/bin/f95 
Build flags: 
Id flags: 

The output was:
0


Compilation of the Fortran compiler identification source "CMakeFortranCompilerId.F" produced "a.out"

The Fortran compiler identification is GNU, found in "/fasttmp/wtobin/develop/biotissue/dep/sparskit/dep/build/CMakeFiles/3.0.0/CompilerIdFortran/a.out"

Determining if the Fortran compiler works passed with the following output:
Change Dir: /fasttmp/wtobin/develop/biotissue/dep/sparskit/dep/build/CMakeFiles/CMakeTmp

Run Build Command:"/usr/local/bin/gmake" "cmTryCompileExec2554191169/fast"
/usr/local/bin/gmake -f CMakeFiles/cmTryCompileExec2554191169.dir/build.make CMakeFiles/cmTryCompileExec2554191169.dir/build
gmake[1]: Entering directory `/fasttmp/wtobin/develop/biotissue/dep/sparskit/dep/build/CMakeFiles/CMakeTmp'
/usr/local/cmake/3.0.0/bin/cmake -E cmake_progress_report /fasttmp/wtobin/develop/biotissue/dep/sparskit/dep/build/CMakeFiles/CMakeTmp/CMakeFiles 1
Building Fortran object CMakeFiles/cmTryCompileExec2554191169.dir/testFortranCompiler.f.o
/usr/bin/f95    -c /fasttmp/wtobin/develop/biotissue/dep/sparskit/dep/build/CMakeFiles/CMakeTmp/testFortranCompiler.f -o CMakeFiles/cmTryCompileExec2554191169.dir/testFortranCompiler.f.o
Linking Fortran executable cmTryCompileExec2554191169
/usr/local/cmake/3.0.0/bin/cmake -E cmake_link_script CMakeFiles/cmTryCompileExec2554191169.dir/link.txt --verbose=1
/usr/bin/f95       CMakeFiles/cmTryCompileExec2554191169.dir/testFortranCompiler.f.o  -o cmTryCompileExec2554191169 -rdynamic 
gmake[1]: Leaving directory `/fasttmp/wtobin/develop/biotissue/dep/sparskit/dep/build/CMakeFiles/CMakeTmp'


Detecting Fortran compiler ABI info compiled with the following output:
Change Dir: /fasttmp/wtobin/develop/biotissue/dep/sparskit/dep/build/CMakeFiles/CMakeTmp

Run Build Command:"/usr/local/bin/gmake" "cmTryCompileExec434949319/fast"
/usr/local/bin/gmake -f CMakeFiles/cmTryCompileExec434949319.dir/build.make CMakeFiles/cmTryCompileExec434949319.dir/build
gmake[1]: Entering directory `/fasttmp/wtobin/develop/biotissue/dep/sparskit/dep/build/CMakeFiles/CMakeTmp'
/usr/local/cmake/3.0.0/bin/cmake -E cmake_progress_report /fasttmp/wtobin/develop/biotissue/dep/sparskit/dep/build/CMakeFiles/CMakeTmp/CMakeFiles 1
Building Fortran object CMakeFiles/cmTryCompileExec434949319.dir/CMakeFortranCompilerABI.F.o
/usr/bin/f95    -c /usr/local/cmake/3.0.0/share/cmake-3.0/Modules/CMakeFortranCompilerABI.F -o CMakeFiles/cmTryCompileExec434949319.dir/CMakeFortranCompilerABI.F.o
Linking Fortran executable cmTryCompileExec434949319
/usr/local/cmake/3.0.0/bin/cmake -E cmake_link_script CMakeFiles/cmTryCompileExec434949319.dir/link.txt --verbose=1
/usr/bin/f95   -v   CMakeFiles/cmTryCompileExec434949319.dir/CMakeFortranCompilerABI.F.o  -o cmTryCompileExec434949319 -rdynamic  
Driving: /usr/bin/f95 -v CMakeFiles/cmTryCompileExec434949319.dir/CMakeFortranCompilerABI.F.o -o cmTryCompileExec434949319 -rdynamic -lgfortranbegin -lgfortran -lm -shared-libgcc
Using built-in specs.
Target: x86_64-linux-gnu
Configured with: ../src/configure -v --with-pkgversion='Debian 4.4.5-8' --with-bugurl=file:///usr/share/doc/gcc-4.4/README.Bugs --enable-languages=c,c++,fortran,objc,obj-c++ --prefix=/usr --program-suffix=-4.4 --enable-shared --enable-multiarch --enable-linker-build-id --with-system-zlib --libexecdir=/usr/lib --without-included-gettext --enable-threads=posix --with-gxx-include-dir=/usr/include/c++/4.4 --libdir=/usr/lib --enable-nls --enable-clocale=gnu --enable-libstdcxx-debug --enable-objc-gc --with-arch-32=i586 --with-tune=generic --enable-checking=release --build=x86_64-linux-gnu --host=x86_64-linux-gnu --target=x86_64-linux-gnu
Thread model: posix
gcc version 4.4.5 (Debian 4.4.5-8) 
COMPILER_PATH=/usr/lib/gcc/x86_64-linux-gnu/4.4.5/:/usr/lib/gcc/x86_64-linux-gnu/4.4.5/:/usr/lib/gcc/x86_64-linux-gnu/:/usr/lib/gcc/x86_64-linux-gnu/4.4.5/:/usr/lib/gcc/x86_64-linux-gnu/:/usr/lib/gcc/x86_64-linux-gnu/4.4.5/:/usr/lib/gcc/x86_64-linux-gnu/
LIBRARY_PATH=/usr/lib/gcc/x86_64-linux-gnu/4.4.5/:/usr/lib/gcc/x86_64-linux-gnu/4.4.5/:/usr/lib/gcc/x86_64-linux-gnu/4.4.5/../../../../lib/:/lib/../lib/:/usr/lib/../lib/:/usr/lib/gcc/x86_64-linux-gnu/4.4.5/../../../:/lib/:/usr/lib/:/usr/lib/x86_64-linux-gnu/
COLLECT_GCC_OPTIONS='-v' '-o' 'cmTryCompileExec434949319' '-rdynamic' '-shared-libgcc' '-mtune=generic'
 /usr/lib/gcc/x86_64-linux-gnu/4.4.5/collect2 --build-id --eh-frame-hdr -m elf_x86_64 --hash-style=both -export-dynamic -dynamic-linker /lib64/ld-linux-x86-64.so.2 -o cmTryCompileExec434949319 /usr/lib/gcc/x86_64-linux-gnu/4.4.5/../../../../lib/crt1.o /usr/lib/gcc/x86_64-linux-gnu/4.4.5/../../../../lib/crti.o /usr/lib/gcc/x86_64-linux-gnu/4.4.5/crtbegin.o -L/usr/lib/gcc/x86_64-linux-gnu/4.4.5 -L/usr/lib/gcc/x86_64-linux-gnu/4.4.5 -L/usr/lib/gcc/x86_64-linux-gnu/4.4.5/../../../../lib -L/lib/../lib -L/usr/lib/../lib -L/usr/lib/gcc/x86_64-linux-gnu/4.4.5/../../.. -L/usr/lib/x86_64-linux-gnu CMakeFiles/cmTryCompileExec434949319.dir/CMakeFortranCompilerABI.F.o -lgfortranbegin -lgfortran -lm -lgcc_s -lgcc -lc -lgcc_s -lgcc /usr/lib/gcc/x86_64-linux-gnu/4.4.5/crtend.o /usr/lib/gcc/x86_64-linux-gnu/4.4.5/../../../../lib/crtn.o
gmake[1]: Leaving directory `/fasttmp/wtobin/develop/biotissue/dep/sparskit/dep/build/CMakeFiles/CMakeTmp'


Parsed Fortran implicit link information from above output:
  link line regex: [^( *|.*[/\])(ld|([^/\]+-)?ld|collect2)[^/\]*( |$)]
  ignore line: [Change Dir: /fasttmp/wtobin/develop/biotissue/dep/sparskit/dep/build/CMakeFiles/CMakeTmp]
  ignore line: []
  ignore line: [Run Build Command:"/usr/local/bin/gmake" "cmTryCompileExec434949319/fast"]
  ignore line: [/usr/local/bin/gmake -f CMakeFiles/cmTryCompileExec434949319.dir/build.make CMakeFiles/cmTryCompileExec434949319.dir/build]
  ignore line: [gmake[1]: Entering directory `/fasttmp/wtobin/develop/biotissue/dep/sparskit/dep/build/CMakeFiles/CMakeTmp']
  ignore line: [/usr/local/cmake/3.0.0/bin/cmake -E cmake_progress_report /fasttmp/wtobin/develop/biotissue/dep/sparskit/dep/build/CMakeFiles/CMakeTmp/CMakeFiles 1]
  ignore line: [Building Fortran object CMakeFiles/cmTryCompileExec434949319.dir/CMakeFortranCompilerABI.F.o]
  ignore line: [/usr/bin/f95    -c /usr/local/cmake/3.0.0/share/cmake-3.0/Modules/CMakeFortranCompilerABI.F -o CMakeFiles/cmTryCompileExec434949319.dir/CMakeFortranCompilerABI.F.o]
  ignore line: [Linking Fortran executable cmTryCompileExec434949319]
  ignore line: [/usr/local/cmake/3.0.0/bin/cmake -E cmake_link_script CMakeFiles/cmTryCompileExec434949319.dir/link.txt --verbose=1]
  ignore line: [/usr/bin/f95   -v   CMakeFiles/cmTryCompileExec434949319.dir/CMakeFortranCompilerABI.F.o  -o cmTryCompileExec434949319 -rdynamic  ]
  ignore line: [Driving: /usr/bin/f95 -v CMakeFiles/cmTryCompileExec434949319.dir/CMakeFortranCompilerABI.F.o -o cmTryCompileExec434949319 -rdynamic -lgfortranbegin -lgfortran -lm -shared-libgcc]
  ignore line: [Using built-in specs.]
  ignore line: [Target: x86_64-linux-gnu]
  ignore line: [Configured with: ../src/configure -v --with-pkgversion='Debian 4.4.5-8' --with-bugurl=file:///usr/share/doc/gcc-4.4/README.Bugs --enable-languages=c,c++,fortran,objc,obj-c++ --prefix=/usr --program-suffix=-4.4 --enable-shared --enable-multiarch --enable-linker-build-id --with-system-zlib --libexecdir=/usr/lib --without-included-gettext --enable-threads=posix --with-gxx-include-dir=/usr/include/c++/4.4 --libdir=/usr/lib --enable-nls --enable-clocale=gnu --enable-libstdcxx-debug --enable-objc-gc --with-arch-32=i586 --with-tune=generic --enable-checking=release --build=x86_64-linux-gnu --host=x86_64-linux-gnu --target=x86_64-linux-gnu]
  ignore line: [Thread model: posix]
  ignore line: [gcc version 4.4.5 (Debian 4.4.5-8) ]
  ignore line: [COMPILER_PATH=/usr/lib/gcc/x86_64-linux-gnu/4.4.5/:/usr/lib/gcc/x86_64-linux-gnu/4.4.5/:/usr/lib/gcc/x86_64-linux-gnu/:/usr/lib/gcc/x86_64-linux-gnu/4.4.5/:/usr/lib/gcc/x86_64-linux-gnu/:/usr/lib/gcc/x86_64-linux-gnu/4.4.5/:/usr/lib/gcc/x86_64-linux-gnu/]
  ignore line: [LIBRARY_PATH=/usr/lib/gcc/x86_64-linux-gnu/4.4.5/:/usr/lib/gcc/x86_64-linux-gnu/4.4.5/:/usr/lib/gcc/x86_64-linux-gnu/4.4.5/../../../../lib/:/lib/../lib/:/usr/lib/../lib/:/usr/lib/gcc/x86_64-linux-gnu/4.4.5/../../../:/lib/:/usr/lib/:/usr/lib/x86_64-linux-gnu/]
  ignore line: [COLLECT_GCC_OPTIONS='-v' '-o' 'cmTryCompileExec434949319' '-rdynamic' '-shared-libgcc' '-mtune=generic']
  link line: [ /usr/lib/gcc/x86_64-linux-gnu/4.4.5/collect2 --build-id --eh-frame-hdr -m elf_x86_64 --hash-style=both -export-dynamic -dynamic-linker /lib64/ld-linux-x86-64.so.2 -o cmTryCompileExec434949319 /usr/lib/gcc/x86_64-linux-gnu/4.4.5/../../../../lib/crt1.o /usr/lib/gcc/x86_64-linux-gnu/4.4.5/../../../../lib/crti.o /usr/lib/gcc/x86_64-linux-gnu/4.4.5/crtbegin.o -L/usr/lib/gcc/x86_64-linux-gnu/4.4.5 -L/usr/lib/gcc/x86_64-linux-gnu/4.4.5 -L/usr/lib/gcc/x86_64-linux-gnu/4.4.5/../../../../lib -L/lib/../lib -L/usr/lib/../lib -L/usr/lib/gcc/x86_64-linux-gnu/4.4.5/../../.. -L/usr/lib/x86_64-linux-gnu CMakeFiles/cmTryCompileExec434949319.dir/CMakeFortranCompilerABI.F.o -lgfortranbegin -lgfortran -lm -lgcc_s -lgcc -lc -lgcc_s -lgcc /usr/lib/gcc/x86_64-linux-gnu/4.4.5/crtend.o /usr/lib/gcc/x86_64-linux-gnu/4.4.5/../../../../lib/crtn.o]
    arg [/usr/lib/gcc/x86_64-linux-gnu/4.4.5/collect2] ==> ignore
    arg [--build-id] ==> ignore
    arg [--eh-frame-hdr] ==> ignore
    arg [-m] ==> ignore
    arg [elf_x86_64] ==> ignore
    arg [--hash-style=both] ==> ignore
    arg [-export-dynamic] ==> ignore
    arg [-dynamic-linker] ==> ignore
    arg [/lib64/ld-linux-x86-64.so.2] ==> ignore
    arg [-o] ==> ignore
    arg [cmTryCompileExec434949319] ==> ignore
    arg [/usr/lib/gcc/x86_64-linux-gnu/4.4.5/../../../../lib/crt1.o] ==> ignore
    arg [/usr/lib/gcc/x86_64-linux-gnu/4.4.5/../../../../lib/crti.o] ==> ignore
    arg [/usr/lib/gcc/x86_64-linux-gnu/4.4.5/crtbegin.o] ==> ignore
    arg [-L/usr/lib/gcc/x86_64-linux-gnu/4.4.5] ==> dir [/usr/lib/gcc/x86_64-linux-gnu/4.4.5]
    arg [-L/usr/lib/gcc/x86_64-linux-gnu/4.4.5] ==> dir [/usr/lib/gcc/x86_64-linux-gnu/4.4.5]
    arg [-L/usr/lib/gcc/x86_64-linux-gnu/4.4.5/../../../../lib] ==> dir [/usr/lib/gcc/x86_64-linux-gnu/4.4.5/../../../../lib]
    arg [-L/lib/../lib] ==> dir [/lib/../lib]
    arg [-L/usr/lib/../lib] ==> dir [/usr/lib/../lib]
    arg [-L/usr/lib/gcc/x86_64-linux-gnu/4.4.5/../../..] ==> dir [/usr/lib/gcc/x86_64-linux-gnu/4.4.5/../../..]
    arg [-L/usr/lib/x86_64-linux-gnu] ==> dir [/usr/lib/x86_64-linux-gnu]
    arg [CMakeFiles/cmTryCompileExec434949319.dir/CMakeFortranCompilerABI.F.o] ==> ignore
    arg [-lgfortranbegin] ==> lib [gfortranbegin]
    arg [-lgfortran] ==> lib [gfortran]
    arg [-lm] ==> lib [m]
    arg [-lgcc_s] ==> lib [gcc_s]
    arg [-lgcc] ==> lib [gcc]
    arg [-lc] ==> lib [c]
    arg [-lgcc_s] ==> lib [gcc_s]
    arg [-lgcc] ==> lib [gcc]
    arg [/usr/lib/gcc/x86_64-linux-gnu/4.4.5/crtend.o] ==> ignore
    arg [/usr/lib/gcc/x86_64-linux-gnu/4.4.5/../../../../lib/crtn.o] ==> ignore
  remove lib [gcc_s]
  remove lib [gcc]
  remove lib [gcc_s]
  remove lib [gcc]
  collapse library dir [/usr/lib/gcc/x86_64-linux-gnu/4.4.5] ==> [/usr/lib/gcc/x86_64-linux-gnu/4.4.5]
  collapse library dir [/usr/lib/gcc/x86_64-linux-gnu/4.4.5] ==> [/usr/lib/gcc/x86_64-linux-gnu/4.4.5]
  collapse library dir [/usr/lib/gcc/x86_64-linux-gnu/4.4.5/../../../../lib] ==> [/usr/lib]
  collapse library dir [/lib/../lib] ==> [/lib]
  collapse library dir [/usr/lib/../lib] ==> [/usr/lib]
  collapse library dir [/usr/lib/gcc/x86_64-linux-gnu/4.4.5/../../..] ==> [/usr/lib]
  collapse library dir [/usr/lib/x86_64-linux-gnu] ==> [/usr/lib/x86_64-linux-gnu]
  implicit libs: [gfortranbegin;gfortran;m;c]
  implicit dirs: [/usr/lib/gcc/x86_64-linux-gnu/4.4.5;/usr/lib;/lib;/usr/lib/x86_64-linux-gnu]
  implicit fwks: []


Determining if the Fortran compiler supports Fortran 90 passed with the following output:
Change Dir: /fasttmp/wtobin/develop/biotissue/dep/sparskit/dep/build/CMakeFiles/CMakeTmp

Run Build Command:"/usr/local/bin/gmake" "cmTryCompileExec128016458/fast"
/usr/local/bin/gmake -f CMakeFiles/cmTryCompileExec128016458.dir/build.make CMakeFiles/cmTryCompileExec128016458.dir/build
gmake[1]: Entering directory `/fasttmp/wtobin/develop/biotissue/dep/sparskit/dep/build/CMakeFiles/CMakeTmp'
/usr/local/cmake/3.0.0/bin/cmake -E cmake_progress_report /fasttmp/wtobin/develop/biotissue/dep/sparskit/dep/build/CMakeFiles/CMakeTmp/CMakeFiles 1
Building Fortran object CMakeFiles/cmTryCompileExec128016458.dir/testFortranCompilerF90.f90.o
/usr/bin/f95    -c /fasttmp/wtobin/develop/biotissue/dep/sparskit/dep/build/CMakeFiles/CMakeTmp/testFortranCompilerF90.f90 -o CMakeFiles/cmTryCompileExec128016458.dir/testFortranCompilerF90.f90.o
Linking Fortran executable cmTryCompileExec128016458
/usr/local/cmake/3.0.0/bin/cmake -E cmake_link_script CMakeFiles/cmTryCompileExec128016458.dir/link.txt --verbose=1
/usr/bin/f95       CMakeFiles/cmTryCompileExec128016458.dir/testFortranCompilerF90.f90.o  -o cmTryCompileExec128016458 -rdynamic 
gmake[1]: Leaving directory `/fasttmp/wtobin/develop/biotissue/dep/sparskit/dep/build/CMakeFiles/CMakeTmp'


Compiling the C compiler identification source file "CMakeCCompilerId.c" succeeded.
Compiler: /usr/bin/cc 
Build flags: 
Id flags: 

The output was:
0


Compilation of the C compiler identification source "CMakeCCompilerId.c" produced "a.out"

The C compiler identification is GNU, found in "/fasttmp/wtobin/develop/biotissue/dep/sparskit/dep/build/CMakeFiles/3.0.0/CompilerIdC/a.out"

Compiling the CXX compiler identification source file "CMakeCXXCompilerId.cpp" succeeded.
Compiler: /usr/bin/c++ 
Build flags: 
Id flags: 

The output was:
0


Compilation of the CXX compiler identification source "CMakeCXXCompilerId.cpp" produced "a.out"

The CXX compiler identification is GNU, found in "/fasttmp/wtobin/develop/biotissue/dep/sparskit/dep/build/CMakeFiles/3.0.0/CompilerIdCXX/a.out"

Determining if the C compiler works passed with the following output:
Change Dir: /fasttmp/wtobin/develop/biotissue/dep/sparskit/dep/build/CMakeFiles/CMakeTmp

Run Build Command:"/usr/local/bin/gmake" "cmTryCompileExec746569584/fast"
/usr/local/bin/gmake -f CMakeFiles/cmTryCompileExec746569584.dir/build.make CMakeFiles/cmTryCompileExec746569584.dir/build
gmake[1]: Entering directory `/fasttmp/wtobin/develop/biotissue/dep/sparskit/dep/build/CMakeFiles/CMakeTmp'
/usr/local/cmake/3.0.0/bin/cmake -E cmake_progress_report /fasttmp/wtobin/develop/biotissue/dep/sparskit/dep/build/CMakeFiles/CMakeTmp/CMakeFiles 1
Building C object CMakeFiles/cmTryCompileExec746569584.dir/testCCompiler.c.o
/usr/bin/cc    -o CMakeFiles/cmTryCompileExec746569584.dir/testCCompiler.c.o   -c /fasttmp/wtobin/develop/biotissue/dep/sparskit/dep/build/CMakeFiles/CMakeTmp/testCCompiler.c
Linking C executable cmTryCompileExec746569584
/usr/local/cmake/3.0.0/bin/cmake -E cmake_link_script CMakeFiles/cmTryCompileExec746569584.dir/link.txt --verbose=1
/usr/bin/cc       CMakeFiles/cmTryCompileExec746569584.dir/testCCompiler.c.o  -o cmTryCompileExec746569584 -rdynamic 
gmake[1]: Leaving directory `/fasttmp/wtobin/develop/biotissue/dep/sparskit/dep/build/CMakeFiles/CMakeTmp'


Detecting C compiler ABI info compiled with the following output:
Change Dir: /fasttmp/wtobin/develop/biotissue/dep/sparskit/dep/build/CMakeFiles/CMakeTmp

Run Build Command:"/usr/local/bin/gmake" "cmTryCompileExec2211878361/fast"
/usr/local/bin/gmake -f CMakeFiles/cmTryCompileExec2211878361.dir/build.make CMakeFiles/cmTryCompileExec2211878361.dir/build
gmake[1]: Entering directory `/fasttmp/wtobin/develop/biotissue/dep/sparskit/dep/build/CMakeFiles/CMakeTmp'
/usr/local/cmake/3.0.0/bin/cmake -E cmake_progress_report /fasttmp/wtobin/develop/biotissue/dep/sparskit/dep/build/CMakeFiles/CMakeTmp/CMakeFiles 1
Building C object CMakeFiles/cmTryCompileExec2211878361.dir/CMakeCCompilerABI.c.o
/usr/bin/cc    -o CMakeFiles/cmTryCompileExec2211878361.dir/CMakeCCompilerABI.c.o   -c /usr/local/cmake/3.0.0/share/cmake-3.0/Modules/CMakeCCompilerABI.c
Linking C executable cmTryCompileExec2211878361
/usr/local/cmake/3.0.0/bin/cmake -E cmake_link_script CMakeFiles/cmTryCompileExec2211878361.dir/link.txt --verbose=1
/usr/bin/cc     -v CMakeFiles/cmTryCompileExec2211878361.dir/CMakeCCompilerABI.c.o  -o cmTryCompileExec2211878361 -rdynamic  
Using built-in specs.
Target: x86_64-linux-gnu
Configured with: ../src/configure -v --with-pkgversion='Debian 4.4.5-8' --with-bugurl=file:///usr/share/doc/gcc-4.4/README.Bugs --enable-languages=c,c++,fortran,objc,obj-c++ --prefix=/usr --program-suffix=-4.4 --enable-shared --enable-multiarch --enable-linker-build-id --with-system-zlib --libexecdir=/usr/lib --without-included-gettext --enable-threads=posix --with-gxx-include-dir=/usr/include/c++/4.4 --libdir=/usr/lib --enable-nls --enable-clocale=gnu --enable-libstdcxx-debug --enable-objc-gc --with-arch-32=i586 --with-tune=generic --enable-checking=release --build=x86_64-linux-gnu --host=x86_64-linux-gnu --target=x86_64-linux-gnu
Thread model: posix
gcc version 4.4.5 (Debian 4.4.5-8) 
COMPILER_PATH=/usr/lib/gcc/x86_64-linux-gnu/4.4.5/:/usr/lib/gcc/x86_64-linux-gnu/4.4.5/:/usr/lib/gcc/x86_64-linux-gnu/:/usr/lib/gcc/x86_64-linux-gnu/4.4.5/:/usr/lib/gcc/x86_64-linux-gnu/:/usr/lib/gcc/x86_64-linux-gnu/4.4.5/:/usr/lib/gcc/x86_64-linux-gnu/
LIBRARY_PATH=/usr/lib/gcc/x86_64-linux-gnu/4.4.5/:/usr/lib/gcc/x86_64-linux-gnu/4.4.5/:/usr/lib/gcc/x86_64-linux-gnu/4.4.5/../../../../lib/:/lib/../lib/:/usr/lib/../lib/:/usr/lib/gcc/x86_64-linux-gnu/4.4.5/../../../:/lib/:/usr/lib/:/usr/lib/x86_64-linux-gnu/
COLLECT_GCC_OPTIONS='-v' '-o' 'cmTryCompileExec2211878361' '-rdynamic' '-mtune=generic'
 /usr/lib/gcc/x86_64-linux-gnu/4.4.5/collect2 --build-id --eh-frame-hdr -m elf_x86_64 --hash-style=both -export-dynamic -dynamic-linker /lib64/ld-linux-x86-64.so.2 -o cmTryCompileExec2211878361 /usr/lib/gcc/x86_64-linux-gnu/4.4.5/../../../../lib/crt1.o /usr/lib/gcc/x86_64-linux-gnu/4.4.5/../../../../lib/crti.o /usr/lib/gcc/x86_64-linux-gnu/4.4.5/crtbegin.o -L/usr/lib/gcc/x86_64-linux-gnu/4.4.5 -L/usr/lib/gcc/x86_64-linux-gnu/4.4.5 -L/usr/lib/gcc/x86_64-linux-gnu/4.4.5/../../../../lib -L/lib/../lib -L/usr/lib/../lib -L/usr/lib/gcc/x86_64-linux-gnu/4.4.5/../../.. -L/usr/lib/x86_64-linux-gnu CMakeFiles/cmTryCompileExec2211878361.dir/CMakeCCompilerABI.c.o -lgcc --as-needed -lgcc_s --no-as-needed -lc -lgcc --as-needed -lgcc_s --no-as-needed /usr/lib/gcc/x86_64-linux-gnu/4.4.5/crtend.o /usr/lib/gcc/x86_64-linux-gnu/4.4.5/../../../../lib/crtn.o
gmake[1]: Leaving directory `/fasttmp/wtobin/develop/biotissue/dep/sparskit/dep/build/CMakeFiles/CMakeTmp'


Parsed C implicit link information from above output:
  link line regex: [^( *|.*[/\])(ld|([^/\]+-)?ld|collect2)[^/\]*( |$)]
  ignore line: [Change Dir: /fasttmp/wtobin/develop/biotissue/dep/sparskit/dep/build/CMakeFiles/CMakeTmp]
  ignore line: []
  ignore line: [Run Build Command:"/usr/local/bin/gmake" "cmTryCompileExec2211878361/fast"]
  ignore line: [/usr/local/bin/gmake -f CMakeFiles/cmTryCompileExec2211878361.dir/build.make CMakeFiles/cmTryCompileExec2211878361.dir/build]
  ignore line: [gmake[1]: Entering directory `/fasttmp/wtobin/develop/biotissue/dep/sparskit/dep/build/CMakeFiles/CMakeTmp']
  ignore line: [/usr/local/cmake/3.0.0/bin/cmake -E cmake_progress_report /fasttmp/wtobin/develop/biotissue/dep/sparskit/dep/build/CMakeFiles/CMakeTmp/CMakeFiles 1]
  ignore line: [Building C object CMakeFiles/cmTryCompileExec2211878361.dir/CMakeCCompilerABI.c.o]
  ignore line: [/usr/bin/cc    -o CMakeFiles/cmTryCompileExec2211878361.dir/CMakeCCompilerABI.c.o   -c /usr/local/cmake/3.0.0/share/cmake-3.0/Modules/CMakeCCompilerABI.c]
  ignore line: [Linking C executable cmTryCompileExec2211878361]
  ignore line: [/usr/local/cmake/3.0.0/bin/cmake -E cmake_link_script CMakeFiles/cmTryCompileExec2211878361.dir/link.txt --verbose=1]
  ignore line: [/usr/bin/cc     -v CMakeFiles/cmTryCompileExec2211878361.dir/CMakeCCompilerABI.c.o  -o cmTryCompileExec2211878361 -rdynamic  ]
  ignore line: [Using built-in specs.]
  ignore line: [Target: x86_64-linux-gnu]
  ignore line: [Configured with: ../src/configure -v --with-pkgversion='Debian 4.4.5-8' --with-bugurl=file:///usr/share/doc/gcc-4.4/README.Bugs --enable-languages=c,c++,fortran,objc,obj-c++ --prefix=/usr --program-suffix=-4.4 --enable-shared --enable-multiarch --enable-linker-build-id --with-system-zlib --libexecdir=/usr/lib --without-included-gettext --enable-threads=posix --with-gxx-include-dir=/usr/include/c++/4.4 --libdir=/usr/lib --enable-nls --enable-clocale=gnu --enable-libstdcxx-debug --enable-objc-gc --with-arch-32=i586 --with-tune=generic --enable-checking=release --build=x86_64-linux-gnu --host=x86_64-linux-gnu --target=x86_64-linux-gnu]
  ignore line: [Thread model: posix]
  ignore line: [gcc version 4.4.5 (Debian 4.4.5-8) ]
  ignore line: [COMPILER_PATH=/usr/lib/gcc/x86_64-linux-gnu/4.4.5/:/usr/lib/gcc/x86_64-linux-gnu/4.4.5/:/usr/lib/gcc/x86_64-linux-gnu/:/usr/lib/gcc/x86_64-linux-gnu/4.4.5/:/usr/lib/gcc/x86_64-linux-gnu/:/usr/lib/gcc/x86_64-linux-gnu/4.4.5/:/usr/lib/gcc/x86_64-linux-gnu/]
  ignore line: [LIBRARY_PATH=/usr/lib/gcc/x86_64-linux-gnu/4.4.5/:/usr/lib/gcc/x86_64-linux-gnu/4.4.5/:/usr/lib/gcc/x86_64-linux-gnu/4.4.5/../../../../lib/:/lib/../lib/:/usr/lib/../lib/:/usr/lib/gcc/x86_64-linux-gnu/4.4.5/../../../:/lib/:/usr/lib/:/usr/lib/x86_64-linux-gnu/]
  ignore line: [COLLECT_GCC_OPTIONS='-v' '-o' 'cmTryCompileExec2211878361' '-rdynamic' '-mtune=generic']
  link line: [ /usr/lib/gcc/x86_64-linux-gnu/4.4.5/collect2 --build-id --eh-frame-hdr -m elf_x86_64 --hash-style=both -export-dynamic -dynamic-linker /lib64/ld-linux-x86-64.so.2 -o cmTryCompileExec2211878361 /usr/lib/gcc/x86_64-linux-gnu/4.4.5/../../../../lib/crt1.o /usr/lib/gcc/x86_64-linux-gnu/4.4.5/../../../../lib/crti.o /usr/lib/gcc/x86_64-linux-gnu/4.4.5/crtbegin.o -L/usr/lib/gcc/x86_64-linux-gnu/4.4.5 -L/usr/lib/gcc/x86_64-linux-gnu/4.4.5 -L/usr/lib/gcc/x86_64-linux-gnu/4.4.5/../../../../lib -L/lib/../lib -L/usr/lib/../lib -L/usr/lib/gcc/x86_64-linux-gnu/4.4.5/../../.. -L/usr/lib/x86_64-linux-gnu CMakeFiles/cmTryCompileExec2211878361.dir/CMakeCCompilerABI.c.o -lgcc --as-needed -lgcc_s --no-as-needed -lc -lgcc --as-needed -lgcc_s --no-as-needed /usr/lib/gcc/x86_64-linux-gnu/4.4.5/crtend.o /usr/lib/gcc/x86_64-linux-gnu/4.4.5/../../../../lib/crtn.o]
    arg [/usr/lib/gcc/x86_64-linux-gnu/4.4.5/collect2] ==> ignore
    arg [--build-id] ==> ignore
    arg [--eh-frame-hdr] ==> ignore
    arg [-m] ==> ignore
    arg [elf_x86_64] ==> ignore
    arg [--hash-style=both] ==> ignore
    arg [-export-dynamic] ==> ignore
    arg [-dynamic-linker] ==> ignore
    arg [/lib64/ld-linux-x86-64.so.2] ==> ignore
    arg [-o] ==> ignore
    arg [cmTryCompileExec2211878361] ==> ignore
    arg [/usr/lib/gcc/x86_64-linux-gnu/4.4.5/../../../../lib/crt1.o] ==> ignore
    arg [/usr/lib/gcc/x86_64-linux-gnu/4.4.5/../../../../lib/crti.o] ==> ignore
    arg [/usr/lib/gcc/x86_64-linux-gnu/4.4.5/crtbegin.o] ==> ignore
    arg [-L/usr/lib/gcc/x86_64-linux-gnu/4.4.5] ==> dir [/usr/lib/gcc/x86_64-linux-gnu/4.4.5]
    arg [-L/usr/lib/gcc/x86_64-linux-gnu/4.4.5] ==> dir [/usr/lib/gcc/x86_64-linux-gnu/4.4.5]
    arg [-L/usr/lib/gcc/x86_64-linux-gnu/4.4.5/../../../../lib] ==> dir [/usr/lib/gcc/x86_64-linux-gnu/4.4.5/../../../../lib]
    arg [-L/lib/../lib] ==> dir [/lib/../lib]
    arg [-L/usr/lib/../lib] ==> dir [/usr/lib/../lib]
    arg [-L/usr/lib/gcc/x86_64-linux-gnu/4.4.5/../../..] ==> dir [/usr/lib/gcc/x86_64-linux-gnu/4.4.5/../../..]
    arg [-L/usr/lib/x86_64-linux-gnu] ==> dir [/usr/lib/x86_64-linux-gnu]
    arg [CMakeFiles/cmTryCompileExec2211878361.dir/CMakeCCompilerABI.c.o] ==> ignore
    arg [-lgcc] ==> lib [gcc]
    arg [--as-needed] ==> ignore
    arg [-lgcc_s] ==> lib [gcc_s]
    arg [--no-as-needed] ==> ignore
    arg [-lc] ==> lib [c]
    arg [-lgcc] ==> lib [gcc]
    arg [--as-needed] ==> ignore
    arg [-lgcc_s] ==> lib [gcc_s]
    arg [--no-as-needed] ==> ignore
    arg [/usr/lib/gcc/x86_64-linux-gnu/4.4.5/crtend.o] ==> ignore
    arg [/usr/lib/gcc/x86_64-linux-gnu/4.4.5/../../../../lib/crtn.o] ==> ignore
  remove lib [gcc]
  remove lib [gcc_s]
  remove lib [gcc]
  remove lib [gcc_s]
  collapse library dir [/usr/lib/gcc/x86_64-linux-gnu/4.4.5] ==> [/usr/lib/gcc/x86_64-linux-gnu/4.4.5]
  collapse library dir [/usr/lib/gcc/x86_64-linux-gnu/4.4.5] ==> [/usr/lib/gcc/x86_64-linux-gnu/4.4.5]
  collapse library dir [/usr/lib/gcc/x86_64-linux-gnu/4.4.5/../../../../lib] ==> [/usr/lib]
  collapse library dir [/lib/../lib] ==> [/lib]
  collapse library dir [/usr/lib/../lib] ==> [/usr/lib]
  collapse library dir [/usr/lib/gcc/x86_64-linux-gnu/4.4.5/../../..] ==> [/usr/lib]
  collapse library dir [/usr/lib/x86_64-linux-gnu] ==> [/usr/lib/x86_64-linux-gnu]
  implicit libs: [c]
  implicit dirs: [/usr/lib/gcc/x86_64-linux-gnu/4.4.5;/usr/lib;/lib;/usr/lib/x86_64-linux-gnu]
  implicit fwks: []


Determining if the CXX compiler works passed with the following output:
Change Dir: /fasttmp/wtobin/develop/biotissue/dep/sparskit/dep/build/CMakeFiles/CMakeTmp

Run Build Command:"/usr/local/bin/gmake" "cmTryCompileExec2402242257/fast"
/usr/local/bin/gmake -f CMakeFiles/cmTryCompileExec2402242257.dir/build.make CMakeFiles/cmTryCompileExec2402242257.dir/build
gmake[1]: Entering directory `/fasttmp/wtobin/develop/biotissue/dep/sparskit/dep/build/CMakeFiles/CMakeTmp'
/usr/local/cmake/3.0.0/bin/cmake -E cmake_progress_report /fasttmp/wtobin/develop/biotissue/dep/sparskit/dep/build/CMakeFiles/CMakeTmp/CMakeFiles 1
Building CXX object CMakeFiles/cmTryCompileExec2402242257.dir/testCXXCompiler.cxx.o
/usr/bin/c++     -o CMakeFiles/cmTryCompileExec2402242257.dir/testCXXCompiler.cxx.o -c /fasttmp/wtobin/develop/biotissue/dep/sparskit/dep/build/CMakeFiles/CMakeTmp/testCXXCompiler.cxx
Linking CXX executable cmTryCompileExec2402242257
/usr/local/cmake/3.0.0/bin/cmake -E cmake_link_script CMakeFiles/cmTryCompileExec2402242257.dir/link.txt --verbose=1
/usr/bin/c++        CMakeFiles/cmTryCompileExec2402242257.dir/testCXXCompiler.cxx.o  -o cmTryCompileExec2402242257 -rdynamic 
gmake[1]: Leaving directory `/fasttmp/wtobin/develop/biotissue/dep/sparskit/dep/build/CMakeFiles/CMakeTmp'


Detecting CXX compiler ABI info compiled with the following output:
Change Dir: /fasttmp/wtobin/develop/biotissue/dep/sparskit/dep/build/CMakeFiles/CMakeTmp

Run Build Command:"/usr/local/bin/gmake" "cmTryCompileExec1326440364/fast"
/usr/local/bin/gmake -f CMakeFiles/cmTryCompileExec1326440364.dir/build.make CMakeFiles/cmTryCompileExec1326440364.dir/build
gmake[1]: Entering directory `/fasttmp/wtobin/develop/biotissue/dep/sparskit/dep/build/CMakeFiles/CMakeTmp'
/usr/local/cmake/3.0.0/bin/cmake -E cmake_progress_report /fasttmp/wtobin/develop/biotissue/dep/sparskit/dep/build/CMakeFiles/CMakeTmp/CMakeFiles 1
Building CXX object CMakeFiles/cmTryCompileExec1326440364.dir/CMakeCXXCompilerABI.cpp.o
/usr/bin/c++     -o CMakeFiles/cmTryCompileExec1326440364.dir/CMakeCXXCompilerABI.cpp.o -c /usr/local/cmake/3.0.0/share/cmake-3.0/Modules/CMakeCXXCompilerABI.cpp
Linking CXX executable cmTryCompileExec1326440364
/usr/local/cmake/3.0.0/bin/cmake -E cmake_link_script CMakeFiles/cmTryCompileExec1326440364.dir/link.txt --verbose=1
/usr/bin/c++      -v CMakeFiles/cmTryCompileExec1326440364.dir/CMakeCXXCompilerABI.cpp.o  -o cmTryCompileExec1326440364 -rdynamic  
Using built-in specs.
Target: x86_64-linux-gnu
Configured with: ../src/configure -v --with-pkgversion='Debian 4.4.5-8' --with-bugurl=file:///usr/share/doc/gcc-4.4/README.Bugs --enable-languages=c,c++,fortran,objc,obj-c++ --prefix=/usr --program-suffix=-4.4 --enable-shared --enable-multiarch --enable-linker-build-id --with-system-zlib --libexecdir=/usr/lib --without-included-gettext --enable-threads=posix --with-gxx-include-dir=/usr/include/c++/4.4 --libdir=/usr/lib --enable-nls --enable-clocale=gnu --enable-libstdcxx-debug --enable-objc-gc --with-arch-32=i586 --with-tune=generic --enable-checking=release --build=x86_64-linux-gnu --host=x86_64-linux-gnu --target=x86_64-linux-gnu
Thread model: posix
gcc version 4.4.5 (Debian 4.4.5-8) 
COMPILER_PATH=/usr/lib/gcc/x86_64-linux-gnu/4.4.5/:/usr/lib/gcc/x86_64-linux-gnu/4.4.5/:/usr/lib/gcc/x86_64-linux-gnu/:/usr/lib/gcc/x86_64-linux-gnu/4.4.5/:/usr/lib/gcc/x86_64-linux-gnu/:/usr/lib/gcc/x86_64-linux-gnu/4.4.5/:/usr/lib/gcc/x86_64-linux-gnu/
LIBRARY_PATH=/usr/lib/gcc/x86_64-linux-gnu/4.4.5/:/usr/lib/gcc/x86_64-linux-gnu/4.4.5/:/usr/lib/gcc/x86_64-linux-gnu/4.4.5/../../../../lib/:/lib/../lib/:/usr/lib/../lib/:/usr/lib/gcc/x86_64-linux-gnu/4.4.5/../../../:/lib/:/usr/lib/:/usr/lib/x86_64-linux-gnu/
COLLECT_GCC_OPTIONS='-v' '-o' 'cmTryCompileExec1326440364' '-rdynamic' '-shared-libgcc' '-mtune=generic'
 /usr/lib/gcc/x86_64-linux-gnu/4.4.5/collect2 --build-id --eh-frame-hdr -m elf_x86_64 --hash-style=both -export-dynamic -dynamic-linker /lib64/ld-linux-x86-64.so.2 -o cmTryCompileExec1326440364 /usr/lib/gcc/x86_64-linux-gnu/4.4.5/../../../../lib/crt1.o /usr/lib/gcc/x86_64-linux-gnu/4.4.5/../../../../lib/crti.o /usr/lib/gcc/x86_64-linux-gnu/4.4.5/crtbegin.o -L/usr/lib/gcc/x86_64-linux-gnu/4.4.5 -L/usr/lib/gcc/x86_64-linux-gnu/4.4.5 -L/usr/lib/gcc/x86_64-linux-gnu/4.4.5/../../../../lib -L/lib/../lib -L/usr/lib/../lib -L/usr/lib/gcc/x86_64-linux-gnu/4.4.5/../../.. -L/usr/lib/x86_64-linux-gnu CMakeFiles/cmTryCompileExec1326440364.dir/CMakeCXXCompilerABI.cpp.o -lstdc++ -lm -lgcc_s -lgcc -lc -lgcc_s -lgcc /usr/lib/gcc/x86_64-linux-gnu/4.4.5/crtend.o /usr/lib/gcc/x86_64-linux-gnu/4.4.5/../../../../lib/crtn.o
gmake[1]: Leaving directory `/fasttmp/wtobin/develop/biotissue/dep/sparskit/dep/build/CMakeFiles/CMakeTmp'


Parsed CXX implicit link information from above output:
  link line regex: [^( *|.*[/\])(ld|([^/\]+-)?ld|collect2)[^/\]*( |$)]
  ignore line: [Change Dir: /fasttmp/wtobin/develop/biotissue/dep/sparskit/dep/build/CMakeFiles/CMakeTmp]
  ignore line: []
  ignore line: [Run Build Command:"/usr/local/bin/gmake" "cmTryCompileExec1326440364/fast"]
  ignore line: [/usr/local/bin/gmake -f CMakeFiles/cmTryCompileExec1326440364.dir/build.make CMakeFiles/cmTryCompileExec1326440364.dir/build]
  ignore line: [gmake[1]: Entering directory `/fasttmp/wtobin/develop/biotissue/dep/sparskit/dep/build/CMakeFiles/CMakeTmp']
  ignore line: [/usr/local/cmake/3.0.0/bin/cmake -E cmake_progress_report /fasttmp/wtobin/develop/biotissue/dep/sparskit/dep/build/CMakeFiles/CMakeTmp/CMakeFiles 1]
  ignore line: [Building CXX object CMakeFiles/cmTryCompileExec1326440364.dir/CMakeCXXCompilerABI.cpp.o]
  ignore line: [/usr/bin/c++     -o CMakeFiles/cmTryCompileExec1326440364.dir/CMakeCXXCompilerABI.cpp.o -c /usr/local/cmake/3.0.0/share/cmake-3.0/Modules/CMakeCXXCompilerABI.cpp]
  ignore line: [Linking CXX executable cmTryCompileExec1326440364]
  ignore line: [/usr/local/cmake/3.0.0/bin/cmake -E cmake_link_script CMakeFiles/cmTryCompileExec1326440364.dir/link.txt --verbose=1]
  ignore line: [/usr/bin/c++      -v CMakeFiles/cmTryCompileExec1326440364.dir/CMakeCXXCompilerABI.cpp.o  -o cmTryCompileExec1326440364 -rdynamic  ]
  ignore line: [Using built-in specs.]
  ignore line: [Target: x86_64-linux-gnu]
  ignore line: [Configured with: ../src/configure -v --with-pkgversion='Debian 4.4.5-8' --with-bugurl=file:///usr/share/doc/gcc-4.4/README.Bugs --enable-languages=c,c++,fortran,objc,obj-c++ --prefix=/usr --program-suffix=-4.4 --enable-shared --enable-multiarch --enable-linker-build-id --with-system-zlib --libexecdir=/usr/lib --without-included-gettext --enable-threads=posix --with-gxx-include-dir=/usr/include/c++/4.4 --libdir=/usr/lib --enable-nls --enable-clocale=gnu --enable-libstdcxx-debug --enable-objc-gc --with-arch-32=i586 --with-tune=generic --enable-checking=release --build=x86_64-linux-gnu --host=x86_64-linux-gnu --target=x86_64-linux-gnu]
  ignore line: [Thread model: posix]
  ignore line: [gcc version 4.4.5 (Debian 4.4.5-8) ]
  ignore line: [COMPILER_PATH=/usr/lib/gcc/x86_64-linux-gnu/4.4.5/:/usr/lib/gcc/x86_64-linux-gnu/4.4.5/:/usr/lib/gcc/x86_64-linux-gnu/:/usr/lib/gcc/x86_64-linux-gnu/4.4.5/:/usr/lib/gcc/x86_64-linux-gnu/:/usr/lib/gcc/x86_64-linux-gnu/4.4.5/:/usr/lib/gcc/x86_64-linux-gnu/]
  ignore line: [LIBRARY_PATH=/usr/lib/gcc/x86_64-linux-gnu/4.4.5/:/usr/lib/gcc/x86_64-linux-gnu/4.4.5/:/usr/lib/gcc/x86_64-linux-gnu/4.4.5/../../../../lib/:/lib/../lib/:/usr/lib/../lib/:/usr/lib/gcc/x86_64-linux-gnu/4.4.5/../../../:/lib/:/usr/lib/:/usr/lib/x86_64-linux-gnu/]
  ignore line: [COLLECT_GCC_OPTIONS='-v' '-o' 'cmTryCompileExec1326440364' '-rdynamic' '-shared-libgcc' '-mtune=generic']
  link line: [ /usr/lib/gcc/x86_64-linux-gnu/4.4.5/collect2 --build-id --eh-frame-hdr -m elf_x86_64 --hash-style=both -export-dynamic -dynamic-linker /lib64/ld-linux-x86-64.so.2 -o cmTryCompileExec1326440364 /usr/lib/gcc/x86_64-linux-gnu/4.4.5/../../../../lib/crt1.o /usr/lib/gcc/x86_64-linux-gnu/4.4.5/../../../../lib/crti.o /usr/lib/gcc/x86_64-linux-gnu/4.4.5/crtbegin.o -L/usr/lib/gcc/x86_64-linux-gnu/4.4.5 -L/usr/lib/gcc/x86_64-linux-gnu/4.4.5 -L/usr/lib/gcc/x86_64-linux-gnu/4.4.5/../../../../lib -L/lib/../lib -L/usr/lib/../lib -L/usr/lib/gcc/x86_64-linux-gnu/4.4.5/../../.. -L/usr/lib/x86_64-linux-gnu CMakeFiles/cmTryCompileExec1326440364.dir/CMakeCXXCompilerABI.cpp.o -lstdc++ -lm -lgcc_s -lgcc -lc -lgcc_s -lgcc /usr/lib/gcc/x86_64-linux-gnu/4.4.5/crtend.o /usr/lib/gcc/x86_64-linux-gnu/4.4.5/../../../../lib/crtn.o]
    arg [/usr/lib/gcc/x86_64-linux-gnu/4.4.5/collect2] ==> ignore
    arg [--build-id] ==> ignore
    arg [--eh-frame-hdr] ==> ignore
    arg [-m] ==> ignore
    arg [elf_x86_64] ==> ignore
    arg [--hash-style=both] ==> ignore
    arg [-export-dynamic] ==> ignore
    arg [-dynamic-linker] ==> ignore
    arg [/lib64/ld-linux-x86-64.so.2] ==> ignore
    arg [-o] ==> ignore
    arg [cmTryCompileExec1326440364] ==> ignore
    arg [/usr/lib/gcc/x86_64-linux-gnu/4.4.5/../../../../lib/crt1.o] ==> ignore
    arg [/usr/lib/gcc/x86_64-linux-gnu/4.4.5/../../../../lib/crti.o] ==> ignore
    arg [/usr/lib/gcc/x86_64-linux-gnu/4.4.5/crtbegin.o] ==> ignore
    arg [-L/usr/lib/gcc/x86_64-linux-gnu/4.4.5] ==> dir [/usr/lib/gcc/x86_64-linux-gnu/4.4.5]
    arg [-L/usr/lib/gcc/x86_64-linux-gnu/4.4.5] ==> dir [/usr/lib/gcc/x86_64-linux-gnu/4.4.5]
    arg [-L/usr/lib/gcc/x86_64-linux-gnu/4.4.5/../../../../lib] ==> dir [/usr/lib/gcc/x86_64-linux-gnu/4.4.5/../../../../lib]
    arg [-L/lib/../lib] ==> dir [/lib/../lib]
    arg [-L/usr/lib/../lib] ==> dir [/usr/lib/../lib]
    arg [-L/usr/lib/gcc/x86_64-linux-gnu/4.4.5/../../..] ==> dir [/usr/lib/gcc/x86_64-linux-gnu/4.4.5/../../..]
    arg [-L/usr/lib/x86_64-linux-gnu] ==> dir [/usr/lib/x86_64-linux-gnu]
    arg [CMakeFiles/cmTryCompileExec1326440364.dir/CMakeCXXCompilerABI.cpp.o] ==> ignore
    arg [-lstdc++] ==> lib [stdc++]
    arg [-lm] ==> lib [m]
    arg [-lgcc_s] ==> lib [gcc_s]
    arg [-lgcc] ==> lib [gcc]
    arg [-lc] ==> lib [c]
    arg [-lgcc_s] ==> lib [gcc_s]
    arg [-lgcc] ==> lib [gcc]
    arg [/usr/lib/gcc/x86_64-linux-gnu/4.4.5/crtend.o] ==> ignore
    arg [/usr/lib/gcc/x86_64-linux-gnu/4.4.5/../../../../lib/crtn.o] ==> ignore
  remove lib [gcc_s]
  remove lib [gcc]
  remove lib [gcc_s]
  remove lib [gcc]
  collapse library dir [/usr/lib/gcc/x86_64-linux-gnu/4.4.5] ==> [/usr/lib/gcc/x86_64-linux-gnu/4.4.5]
  collapse library dir [/usr/lib/gcc/x86_64-linux-gnu/4.4.5] ==> [/usr/lib/gcc/x86_64-linux-gnu/4.4.5]
  collapse library dir [/usr/lib/gcc/x86_64-linux-gnu/4.4.5/../../../../lib] ==> [/usr/lib]
  collapse library dir [/lib/../lib] ==> [/lib]
  collapse library dir [/usr/lib/../lib] ==> [/usr/lib]
  collapse library dir [/usr/lib/gcc/x86_64-linux-gnu/4.4.5/../../..] ==> [/usr/lib]
  collapse library dir [/usr/lib/x86_64-linux-gnu] ==> [/usr/lib/x86_64-linux-gnu]
  implicit libs: [stdc++;m;c]
  implicit dirs: [/usr/lib/gcc/x86_64-linux-gnu/4.4.5;/usr/lib;/lib;/usr/lib/x86_64-linux-gnu]
  implicit fwks: []


