-- Progress_new()
p44425360 = Progress_new()
-- Progress_setDefaultCallback(p44425360)
Progress_setDefaultCallback(p44425360)
-- GM_load("/fasttmp/wtobin/develop/biotissue/macro/test/neuron/models/mixed/neuron_with_cell.smd", nil, p44425360)
r44468496 = GM_load("/fasttmp/wtobin/develop/biotissue/macro/test/neuron/models/mixed/neuron_with_cell.smd", nil, p44425360)
-- PM_load("/fasttmp/wtobin/develop/biotissue/macro/test/neuron/meshes//256k//neuron_with_cell_256k_2_parts.sms", 0, r44468496, p44425360)
r44467088 = PM_load("/fasttmp/wtobin/develop/biotissue/macro/test/neuron/meshes//256k//neuron_with_cell_256k_2_parts.sms", 0, r44468496, p44425360)
-- PM_newPartitionOpts()
p44443952 = PM_newPartitionOpts()
-- PartitionOpts_setTotalNumParts(p44443952, 256)
PartitionOpts_setTotalNumParts(p44443952, 256)
-- PM_partition(r44467088, p44443952, 0, p44425360)
PM_partition(r44467088, p44443952, 0, p44425360)
-- PartitionOpts_delete(p44443952)
PartitionOpts_delete(p44443952)
-- PM_write(r44467088, "/fasttmp/wtobin/develop/biotissue/macro/test/neuron/meshes//256k//neuron_with_cell_256k Platfor_256_parts.sms", 0, p44425360)
PM_write(r44467088, "/fasttmp/wtobin/develop/biotissue/macro/test/neuron/meshes//256k//neuron_with_cell_256k Platfor_256_parts.sms", 0, p44425360)
-- M_release(r44467088)
M_release(r44467088)
-- Progress_delete(p44425360)
Progress_delete(p44425360)
